0 info it worked if it ends with ok
1 verbose cli [ 'C:\\Program Files\\nodejs\\node.exe',
1 verbose cli   'C:\\Users\\c301\\AppData\\Roaming\\npm\\node_modules\\npm\\bin\\npm-cli.js',
1 verbose cli   'publish' ]
2 info using npm@1.3.22
3 info using node@v6.0.0
4 verbose publish [ '.' ]
5 verbose cache add [ '.', null ]
6 verbose cache add name=undefined spec="." args=[".",null]
7 verbose parsed url Url {
7 verbose parsed url   protocol: null,
7 verbose parsed url   slashes: null,
7 verbose parsed url   auth: null,
7 verbose parsed url   host: null,
7 verbose parsed url   port: null,
7 verbose parsed url   hostname: null,
7 verbose parsed url   hash: null,
7 verbose parsed url   search: null,
7 verbose parsed url   query: null,
7 verbose parsed url   pathname: '.',
7 verbose parsed url   path: '.',
7 verbose parsed url   href: '.' }
8 silly lockFile 3a52ce78- .
9 verbose lock . C:\Users\c301\AppData\Roaming\npm-cache\3a52ce78-.lock
10 verbose tar pack [ 'C:\\Users\\c301\\AppData\\Local\\Temp\\npm-8880-Q67BOhSr\\1461918707580-0.35957549386411625\\tmp.tgz',
10 verbose tar pack   '.' ]
11 verbose tarball C:\Users\c301\AppData\Local\Temp\npm-8880-Q67BOhSr\1461918707580-0.35957549386411625\tmp.tgz
12 verbose folder .
13 info prepublish git-task-runner@0.3.1
14 silly lockFile 1f1177db-tar tar://.
15 verbose lock tar://. C:\Users\c301\AppData\Roaming\npm-cache\1f1177db-tar.lock
16 silly lockFile d43320f0-7580-0-35957549386411625-tmp-tgz tar://C:\Users\c301\AppData\Local\Temp\npm-8880-Q67BOhSr\1461918707580-0.35957549386411625\tmp.tgz
17 verbose lock tar://C:\Users\c301\AppData\Local\Temp\npm-8880-Q67BOhSr\1461918707580-0.35957549386411625\tmp.tgz C:\Users\c301\AppData\Roaming\npm-cache\d43320f0-7580-0-35957549386411625-tmp-tgz.lock
18 silly lockFile 1f1177db-tar tar://.
19 silly lockFile 1f1177db-tar tar://.
20 silly lockFile d43320f0-7580-0-35957549386411625-tmp-tgz tar://C:\Users\c301\AppData\Local\Temp\npm-8880-Q67BOhSr\1461918707580-0.35957549386411625\tmp.tgz
21 silly lockFile d43320f0-7580-0-35957549386411625-tmp-tgz tar://C:\Users\c301\AppData\Local\Temp\npm-8880-Q67BOhSr\1461918707580-0.35957549386411625\tmp.tgz
22 verbose tar unpack C:\Users\c301\AppData\Local\Temp\npm-8880-Q67BOhSr\1461918707580-0.35957549386411625\tmp.tgz
23 silly lockFile 1b511391-7580-0-35957549386411625-package tar://C:\Users\c301\AppData\Local\Temp\npm-8880-Q67BOhSr\1461918707580-0.35957549386411625\package
24 verbose lock tar://C:\Users\c301\AppData\Local\Temp\npm-8880-Q67BOhSr\1461918707580-0.35957549386411625\package C:\Users\c301\AppData\Roaming\npm-cache\1b511391-7580-0-35957549386411625-package.lock
25 silly lockFile d43320f0-7580-0-35957549386411625-tmp-tgz tar://C:\Users\c301\AppData\Local\Temp\npm-8880-Q67BOhSr\1461918707580-0.35957549386411625\tmp.tgz
26 verbose lock tar://C:\Users\c301\AppData\Local\Temp\npm-8880-Q67BOhSr\1461918707580-0.35957549386411625\tmp.tgz C:\Users\c301\AppData\Roaming\npm-cache\d43320f0-7580-0-35957549386411625-tmp-tgz.lock
27 silly gunzTarPerm modes [ '755', '644' ]
28 silly gunzTarPerm extractEntry package.json
29 silly gunzTarPerm modified mode [ 'package.json', 438, 420 ]
30 silly gunzTarPerm extractEntry .npmignore
31 silly gunzTarPerm modified mode [ '.npmignore', 438, 420 ]
32 silly gunzTarPerm extractEntry README.md
33 silly gunzTarPerm modified mode [ 'README.md', 438, 420 ]
34 silly gunzTarPerm extractEntry LICENSE
35 silly gunzTarPerm modified mode [ 'LICENSE', 438, 420 ]
36 silly gunzTarPerm extractEntry gulpfile.js
37 silly gunzTarPerm modified mode [ 'gulpfile.js', 438, 420 ]
38 silly gunzTarPerm extractEntry index.js
39 silly gunzTarPerm modified mode [ 'index.js', 438, 420 ]
40 silly gunzTarPerm extractEntry bin/git-task-runner.js
41 silly gunzTarPerm modified mode [ 'bin/git-task-runner.js', 438, 420 ]
42 silly gunzTarPerm extractEntry src/index.js
43 silly gunzTarPerm modified mode [ 'src/index.js', 438, 420 ]
44 silly gunzTarPerm extractEntry src/utils.js
45 silly gunzTarPerm modified mode [ 'src/utils.js', 438, 420 ]
46 silly gunzTarPerm extractEntry test/index.test.js
47 silly gunzTarPerm modified mode [ 'test/index.test.js', 438, 420 ]
48 silly gunzTarPerm extractEntry test/empty.config
49 silly gunzTarPerm modified mode [ 'test/empty.config', 438, 420 ]
50 silly gunzTarPerm extractEntry test/testing.config
51 silly gunzTarPerm modified mode [ 'test/testing.config', 438, 420 ]
52 silly lockFile 1b511391-7580-0-35957549386411625-package tar://C:\Users\c301\AppData\Local\Temp\npm-8880-Q67BOhSr\1461918707580-0.35957549386411625\package
53 silly lockFile 1b511391-7580-0-35957549386411625-package tar://C:\Users\c301\AppData\Local\Temp\npm-8880-Q67BOhSr\1461918707580-0.35957549386411625\package
54 silly lockFile d43320f0-7580-0-35957549386411625-tmp-tgz tar://C:\Users\c301\AppData\Local\Temp\npm-8880-Q67BOhSr\1461918707580-0.35957549386411625\tmp.tgz
55 silly lockFile d43320f0-7580-0-35957549386411625-tmp-tgz tar://C:\Users\c301\AppData\Local\Temp\npm-8880-Q67BOhSr\1461918707580-0.35957549386411625\tmp.tgz
56 verbose tar pack [ 'C:\\Users\\c301\\AppData\\Roaming\\npm-cache\\git-task-runner\\0.3.1\\package.tgz',
56 verbose tar pack   'C:\\Users\\c301\\AppData\\Local\\Temp\\npm-8880-Q67BOhSr\\1461918707580-0.35957549386411625\\package' ]
57 verbose tarball C:\Users\c301\AppData\Roaming\npm-cache\git-task-runner\0.3.1\package.tgz
58 verbose folder C:\Users\c301\AppData\Local\Temp\npm-8880-Q67BOhSr\1461918707580-0.35957549386411625\package
59 silly lockFile 1b511391-7580-0-35957549386411625-package tar://C:\Users\c301\AppData\Local\Temp\npm-8880-Q67BOhSr\1461918707580-0.35957549386411625\package
60 verbose lock tar://C:\Users\c301\AppData\Local\Temp\npm-8880-Q67BOhSr\1461918707580-0.35957549386411625\package C:\Users\c301\AppData\Roaming\npm-cache\1b511391-7580-0-35957549386411625-package.lock
61 silly lockFile 8d5842b0-it-task-runner-0-3-1-package-tgz tar://C:\Users\c301\AppData\Roaming\npm-cache\git-task-runner\0.3.1\package.tgz
62 verbose lock tar://C:\Users\c301\AppData\Roaming\npm-cache\git-task-runner\0.3.1\package.tgz C:\Users\c301\AppData\Roaming\npm-cache\8d5842b0-it-task-runner-0-3-1-package-tgz.lock
63 silly lockFile 1b511391-7580-0-35957549386411625-package tar://C:\Users\c301\AppData\Local\Temp\npm-8880-Q67BOhSr\1461918707580-0.35957549386411625\package
64 silly lockFile 1b511391-7580-0-35957549386411625-package tar://C:\Users\c301\AppData\Local\Temp\npm-8880-Q67BOhSr\1461918707580-0.35957549386411625\package
65 silly lockFile 8d5842b0-it-task-runner-0-3-1-package-tgz tar://C:\Users\c301\AppData\Roaming\npm-cache\git-task-runner\0.3.1\package.tgz
66 silly lockFile 8d5842b0-it-task-runner-0-3-1-package-tgz tar://C:\Users\c301\AppData\Roaming\npm-cache\git-task-runner\0.3.1\package.tgz
67 silly lockFile ec47420c-he-git-task-runner-0-3-1-package C:\Users\c301\AppData\Roaming\npm-cache\git-task-runner\0.3.1\package
68 verbose lock C:\Users\c301\AppData\Roaming\npm-cache\git-task-runner\0.3.1\package C:\Users\c301\AppData\Roaming\npm-cache\ec47420c-he-git-task-runner-0-3-1-package.lock
69 silly lockFile ec47420c-he-git-task-runner-0-3-1-package C:\Users\c301\AppData\Roaming\npm-cache\git-task-runner\0.3.1\package
70 silly lockFile ec47420c-he-git-task-runner-0-3-1-package C:\Users\c301\AppData\Roaming\npm-cache\git-task-runner\0.3.1\package
71 verbose tar unpack C:\Users\c301\AppData\Roaming\npm-cache\git-task-runner\0.3.1\package.tgz
72 silly lockFile 01c16dd6-he-git-task-runner-0-3-1-package tar://C:\Users\c301\AppData\Roaming\npm-cache\git-task-runner\0.3.1\package
73 verbose lock tar://C:\Users\c301\AppData\Roaming\npm-cache\git-task-runner\0.3.1\package C:\Users\c301\AppData\Roaming\npm-cache\01c16dd6-he-git-task-runner-0-3-1-package.lock
74 silly lockFile 8d5842b0-it-task-runner-0-3-1-package-tgz tar://C:\Users\c301\AppData\Roaming\npm-cache\git-task-runner\0.3.1\package.tgz
75 verbose lock tar://C:\Users\c301\AppData\Roaming\npm-cache\git-task-runner\0.3.1\package.tgz C:\Users\c301\AppData\Roaming\npm-cache\8d5842b0-it-task-runner-0-3-1-package-tgz.lock
76 silly gunzTarPerm modes [ '755', '644' ]
77 silly gunzTarPerm extractEntry package.json
78 silly gunzTarPerm modified mode [ 'package.json', 438, 420 ]
79 silly gunzTarPerm extractEntry .npmignore
80 silly gunzTarPerm modified mode [ '.npmignore', 438, 420 ]
81 silly gunzTarPerm extractEntry README.md
82 silly gunzTarPerm modified mode [ 'README.md', 438, 420 ]
83 silly gunzTarPerm extractEntry LICENSE
84 silly gunzTarPerm modified mode [ 'LICENSE', 438, 420 ]
85 silly gunzTarPerm extractEntry gulpfile.js
86 silly gunzTarPerm modified mode [ 'gulpfile.js', 438, 420 ]
87 silly gunzTarPerm extractEntry index.js
88 silly gunzTarPerm modified mode [ 'index.js', 438, 420 ]
89 silly gunzTarPerm extractEntry bin/git-task-runner.js
90 silly gunzTarPerm modified mode [ 'bin/git-task-runner.js', 438, 420 ]
91 silly gunzTarPerm extractEntry src/index.js
92 silly gunzTarPerm modified mode [ 'src/index.js', 438, 420 ]
93 silly gunzTarPerm extractEntry src/utils.js
94 silly gunzTarPerm modified mode [ 'src/utils.js', 438, 420 ]
95 silly gunzTarPerm extractEntry test/index.test.js
96 silly gunzTarPerm modified mode [ 'test/index.test.js', 438, 420 ]
97 silly gunzTarPerm extractEntry test/empty.config
98 silly gunzTarPerm modified mode [ 'test/empty.config', 438, 420 ]
99 silly gunzTarPerm extractEntry test/testing.config
100 silly gunzTarPerm modified mode [ 'test/testing.config', 438, 420 ]
101 silly lockFile 01c16dd6-he-git-task-runner-0-3-1-package tar://C:\Users\c301\AppData\Roaming\npm-cache\git-task-runner\0.3.1\package
102 silly lockFile 01c16dd6-he-git-task-runner-0-3-1-package tar://C:\Users\c301\AppData\Roaming\npm-cache\git-task-runner\0.3.1\package
103 silly lockFile 8d5842b0-it-task-runner-0-3-1-package-tgz tar://C:\Users\c301\AppData\Roaming\npm-cache\git-task-runner\0.3.1\package.tgz
104 silly lockFile 8d5842b0-it-task-runner-0-3-1-package-tgz tar://C:\Users\c301\AppData\Roaming\npm-cache\git-task-runner\0.3.1\package.tgz
105 verbose chmod C:\Users\c301\AppData\Roaming\npm-cache\git-task-runner\0.3.1\package.tgz 644
106 silly chown skipping for windows C:\Users\c301\AppData\Roaming\npm-cache\git-task-runner\0.3.1\package.tgz
107 silly lockFile 3a52ce78- .
108 silly lockFile 3a52ce78- .
109 silly publish { name: 'git-task-runner',
109 silly publish   version: '0.3.1',
109 silly publish   description: 'Run command on specified tag/branch according to configuration file.',
109 silly publish   main: 'index.js',
109 silly publish   scripts: { test: 'gulp test' },
109 silly publish   author: { name: 'Anton Sivolapov', email: 'anton.sivolapov@gmail.com' },
109 silly publish   repository:
109 silly publish    { type: 'git',
109 silly publish      url: 'https://github.com/c301/git-task-runner.git' },
109 silly publish   license: 'ISC',
109 silly publish   devDependencies:
109 silly publish    { chai: '^3.0.0',
109 silly publish      gulp: '^3.9.0',
109 silly publish      'gulp-jshint': '^1.11.0',
109 silly publish      'gulp-mocha': '^2.1.2',
109 silly publish      'gulp-notify': '^2.2.0',
109 silly publish      'map-stream': '0.0.6',
109 silly publish      mocha: '^2.2.5',
109 silly publish      'gulp-watch': '~4.3.5',
109 silly publish      'gulp-plumber': '~1.1.0' },
109 silly publish   dependencies:
109 silly publish    { colors: '^1.1.2',
109 silly publish      lodash: '^3.9.3',
109 silly publish      q: '^1.4.1',
109 silly publish      request: '^2.58.0',
109 silly publish      'win-spawn': '^2.0.0',
109 silly publish      yargs: '^3.15.0',
109 silly publish      gitty: '~3.3.5' },
109 silly publish   bin: { 'git-task-runner': './bin/git-task-runner.js' },
109 silly publish   readme: '# Git Task Runner\n\nThis package was created to solve following problem:\nexecute commands on specific points of the repository.\n\nFor example we have few branches with different features and we want to always \nrelease specific feature to the same client.\n\nHere is how we can solve the problem with `git-task-runner`.\n\n### CLI example\n- install package `npm install -g git-task-runner`\n- create file with configuration \n```\ncommand: grunt release:client1;    branch:feature1;          comment: Client1 should always reseive feature1 during testing period ( since 1st May )\ncommand: grunt release:client2;    branch:feature2;          comment: Client2 should always reseive feature2 during testing period\ncommand: grunt release:client3 release:client4;    branch:master;          comment: Other clients should reseive latest code from master\n```\n- run tasks `git-task-runner -c path/to/config -r path/to/repo`\n\n### JS example\n```\n    var gitRunner = require( \'git-task-runner\' );\n\n    var options = {\n        config: \'https://raw.githubusercontent.com/c301/git-task-runner/master/test/empty.config\', //path to config can be an URL\n        pathToRepo: \'../test-repo\'\n    };\n    gitRunner.run(options).then(function(result) {\n        //tasks executed\n    });\n```\n\nConfiguration file\n==================\nConfiguration file consist of lines. Each line represents task.\nEach task consist of few fields separated by `;`.\nEach field consist of `name of the field` and `value` separeted by `:`.\n\nPossible fields\n---------------\n\n### branch\nbranch name to checkout before execute the command. **Required if no `tag` specified**\n### tag\ntag name to checkout before execute the command. **Required if no `branch` specified**\n### comment\nhumman readable comment\n### command\ncommand to execute. **Required**.\n**CWD** for each command is folder of the repository.\n\n\nExample of the config\n```\n\ncommand: cat echo.file;    branch:tmp-branch1;          comment: release latest code from master for all versions, except versions listed below\ncommand: cat echo.file;                                 comment: empty branch name, default branch name should be passed\n# command: cat echo.file;                                comment: commented task\ncommand: cat echo.file;    tag:v5.7;                    comment: we want to always release outdated version\ncommand: cat echo.file;    branch:tmp-branch2;          comment: testing\ncommand: cat echo.file;    branch:tmp-branch2;          comment: testing\ncommand: cat echo.file;    branch:tmp-branch2;          comment: testing\n```\n\nOptions \n=======\nTo check CLI usage try `git-task-runner -h`\n### config ( in CLI mode `-c` )\n**required**. Path to configuration file (related to current CWD)\n### pathToRepo ( in CLI mode `-r` )\n**required**. Path to repo (related to current CWD)\n### defaultBranchName ( in CLI mode `-b` )\n**optional**. Default branch name. Will be used, if branch name omitted in config file.\n',
109 silly publish   readmeFilename: 'README.md',
109 silly publish   bugs: { url: 'https://github.com/c301/git-task-runner/issues' },
109 silly publish   homepage: 'https://github.com/c301/git-task-runner',
109 silly publish   _id: 'git-task-runner@0.3.1',
109 silly publish   dist: { shasum: '58e5754f96de6f90fec9f5b4e961132ece2410c8' },
109 silly publish   _from: '.' }
110 verbose url raw git-task-runner
111 verbose url resolving [ 'https://registry.npmjs.org/', './git-task-runner' ]
112 verbose url resolved https://registry.npmjs.org/git-task-runner
113 error publish Failed PUT undefined
114 error Error: login error
114 error     at RegClient.<anonymous> (C:\Users\c301\AppData\Roaming\npm\node_modules\npm\node_modules\npm-registry-client\lib\request.js:82:22)
114 error     at CouchLogin.<anonymous> (C:\Users\c301\AppData\Roaming\npm\node_modules\npm\node_modules\npm-registry-client\node_modules\couch-login\couch-login.js:191:14)
114 error     at CouchLogin.<anonymous> (C:\Users\c301\AppData\Roaming\npm\node_modules\npm\node_modules\npm-registry-client\node_modules\couch-login\couch-login.js:173:46)
114 error     at Request.self.callback (C:\Users\c301\AppData\Roaming\npm\node_modules\npm\node_modules\request\request.js:123:22)
114 error     at emitTwo (events.js:106:13)
114 error     at Request.emit (events.js:191:7)
114 error     at Request.<anonymous> (C:\Users\c301\AppData\Roaming\npm\node_modules\npm\node_modules\request\request.js:893:14)
114 error     at emitOne (events.js:101:20)
114 error     at Request.emit (events.js:188:7)
114 error     at IncomingMessage.<anonymous> (C:\Users\c301\AppData\Roaming\npm\node_modules\npm\node_modules\request\request.js:844:12)
115 error If you need help, you may report this *entire* log,
115 error including the npm and node versions, at:
115 error     <http://github.com/isaacs/npm/issues>
116 error System Windows_NT 10.0.10586
117 error command "C:\\Program Files\\nodejs\\node.exe" "C:\\Users\\c301\\AppData\\Roaming\\npm\\node_modules\\npm\\bin\\npm-cli.js" "publish"
118 error cwd C:\Users\c301\Documents\JOB\git-task-runner
119 error node -v v6.0.0
120 error npm -v 1.3.22
121 verbose exit [ 1, true ]
